0 info it worked if it ends with ok
1 verbose cli [ 'node', '/usr/local/bin/npm', 'install', 'fs', '--save' ]
2 info using npm@1.4.14
3 info using node@v0.10.26
4 verbose node symlink /usr/local/bin/node
5 warn package.json package@0.0.0 No description
6 warn package.json package@0.0.0 No repository field.
7 warn package.json package@0.0.0 No README data
8 warn package.json http@0.0.0 http is also the name of a node core module.
9 warn package.json http@0.0.0 No description
10 warn package.json http@0.0.0 No repository field.
11 warn package.json http@0.0.0 No README data
12 verbose readDependencies using package.json deps
13 verbose cache add [ 'fs', null ]
14 verbose cache add name=undefined spec="fs" args=["fs",null]
15 verbose parsed url { protocol: null,
15 verbose parsed url   slashes: null,
15 verbose parsed url   auth: null,
15 verbose parsed url   host: null,
15 verbose parsed url   port: null,
15 verbose parsed url   hostname: null,
15 verbose parsed url   hash: null,
15 verbose parsed url   search: null,
15 verbose parsed url   query: null,
15 verbose parsed url   pathname: 'fs',
15 verbose parsed url   path: 'fs',
15 verbose parsed url   href: 'fs' }
16 silly lockFile 3f4bb586-fs fs
17 verbose lock fs /Users/austentalbot/.npm/3f4bb586-fs.lock
18 silly lockFile 3f4bb586-fs fs
19 silly lockFile 3f4bb586-fs fs
20 verbose addNamed [ 'fs', '' ]
21 verbose addNamed [ null, '*' ]
22 silly lockFile a107b96b-fs fs@
23 verbose lock fs@ /Users/austentalbot/.npm/a107b96b-fs.lock
24 silly addNameRange { name: 'fs', range: '*', hasData: false }
25 verbose url raw fs
26 verbose url resolving [ 'https://registry.npmjs.org/', './fs' ]
27 verbose url resolved https://registry.npmjs.org/fs
28 info trying registry request attempt 1 at 13:13:17
29 http GET https://registry.npmjs.org/fs
30 http 404 https://registry.npmjs.org/fs
31 silly registry.get cb [ 404,
31 silly registry.get   { date: 'Mon, 07 Jul 2014 20:13:18 GMT',
31 silly registry.get     server: 'CouchDB/1.5.0 (Erlang OTP/R14B04)',
31 silly registry.get     etag: '"1OSDV99VBWRHBCJ8QK1200EE7"',
31 silly registry.get     'content-type': 'application/json',
31 silly registry.get     'cache-control': 'max-age=0',
31 silly registry.get     'content-length': '397',
31 silly registry.get     'accept-ranges': 'bytes',
31 silly registry.get     via: '1.1 varnish',
31 silly registry.get     age: '0',
31 silly registry.get     'x-served-by': 'cache-lax1420-LAX',
31 silly registry.get     'x-cache': 'MISS',
31 silly registry.get     'x-cache-hits': '0',
31 silly registry.get     'x-timer': 'S1404763998.082606,VS0,VE76',
31 silly registry.get     vary: 'Accept',
31 silly registry.get     'keep-alive': 'timeout=10, max=50',
31 silly registry.get     connection: 'Keep-Alive' } ]
32 silly lockFile a107b96b-fs fs@
33 silly lockFile a107b96b-fs fs@
34 error 404 Not Found
34 error 404
34 error 404 'fs' is not in the npm registry.
34 error 404 You should bug the author to publish it
34 error 404 It was specified as a dependency of 'package'
34 error 404
34 error 404 Note that you can also install from a
34 error 404 tarball, folder, or http url, or git url.
35 error System Darwin 13.2.0
36 error command "node" "/usr/local/bin/npm" "install" "fs" "--save"
37 error cwd /Users/austentalbot/Documents/Hack Reactor/Hackathons/Solo Hackathon
38 error node -v v0.10.26
39 error npm -v 1.4.14
40 error code E404
41 verbose exit [ 1, true ]
